2024-08-14 12:52:42 - Queue Listener - Job detect
2024-08-14 12:52:42 - Queue Listener - Start dispatch
2024-08-14 12:52:42 - Queue Listener - Dispatch Worker #1 (PID: 97528)
2024-08-14 12:52:42 - Queue Listener - Job detect
2024-08-14 12:52:42 - Queue Listener - Start dispatch
2024-08-14 12:52:42 - Queue Listener - Dispatch Worker #1 (PID: 97530)
2024-08-14 12:52:42 - Queue Worker - Create #1 (PID: 97528)
2024-08-14 12:52:42 - Queue Worker - Create #1 (PID: 97530)
2024-08-14 12:52:42 - Queue Listener - Job detect
2024-08-14 12:52:42 - Queue Listener - Start dispatch
2024-08-14 12:52:42 - Queue Listener - Dispatch Worker #1 (PID: 97532)
2024-08-14 12:52:42 - Queue Worker - Create #1 (PID: 97532)
2024-08-14 12:52:42 - Queue Listener - Job detect
2024-08-14 12:52:42 - Queue Listener - Start dispatch
2024-08-14 12:52:42 - Queue Listener - Dispatch Worker #1 (PID: 97534)
2024-08-14 12:52:42 - Queue Listener - Job detect
2024-08-14 12:52:42 - Queue Listener - Start dispatch
2024-08-14 12:52:42 - Queue Listener - Dispatch Worker #1 (PID: 97536)
2024-08-14 12:52:42 - Queue Worker - Create #1 (PID: 97534)
2024-08-14 12:52:42 - Queue Worker - Create #1 (PID: 97536)
2024-08-14 12:52:53 - Queue Listener - Job empty
2024-08-14 12:52:53 - Queue Listener - Stop dispatch, total cost: 11.00s
2024-08-14 12:52:53 - Queue Listener - Job empty
2024-08-14 12:52:53 - Queue Listener - Stop dispatch, total cost: 11.00s
2024-08-14 12:52:53 - Queue Listener - Job empty
2024-08-14 12:52:53 - Queue Listener - Stop dispatch, total cost: 11.00s
2024-08-14 12:52:53 - Queue Listener - Job empty
2024-08-14 12:52:53 - Queue Listener - Stop dispatch, total cost: 11.00s
2024-08-14 12:52:53 - Queue Listener - Job empty
2024-08-14 12:52:53 - Queue Listener - Stop dispatch, total cost: 11.00s

Database error: A Database Error Occurred

	Error Number: 2006
	MySQL server has gone away
	SELECT cq.*, c.user_id, t.name as template_name, t.temp_language
FROM `campaign_queue` `cq`
JOIN `campaigns` `c` ON `c`.`id` = `cq`.`campaign_id`
JOIN `templates` `t` ON `t`.`id` = `c`.`template_id`
WHERE `cq`.`is_sent` = '0'
AND  `cq`.`notification_date` <= "2024-08-14 18:10:40"
ORDER BY `cq`.`id` ASC
	Filename: models/Campaigns_model.php
	Line Number: 53


Database error: A Database Error Occurred

	Error Number: 2006
	MySQL server has gone away
	SELECT cq.*, c.user_id, t.name as template_name, t.temp_language
FROM `campaign_queue` `cq`
JOIN `campaigns` `c` ON `c`.`id` = `cq`.`campaign_id`
JOIN `templates` `t` ON `t`.`id` = `c`.`template_id`
WHERE `cq`.`is_sent` = '0'
AND  `cq`.`notification_date` <= "2024-08-14 18:10:39"
ORDER BY `cq`.`id` ASC
	Filename: models/Campaigns_model.php
	Line Number: 53


Database error: A Database Error Occurred

	Error Number: 2006
	MySQL server has gone away
	SELECT cq.*, c.user_id, t.name as template_name, t.temp_language
FROM `campaign_queue` `cq`
JOIN `campaigns` `c` ON `c`.`id` = `cq`.`campaign_id`
JOIN `templates` `t` ON `t`.`id` = `c`.`template_id`
WHERE `cq`.`is_sent` = '0'
AND  `cq`.`notification_date` <= "2024-08-14 18:10:40"
ORDER BY `cq`.`id` ASC
	Filename: models/Campaigns_model.php
	Line Number: 53


Database error: A Database Error Occurred

	Error Number: 2006
	MySQL server has gone away
	SELECT cq.*, c.user_id, t.name as template_name, t.temp_language
FROM `campaign_queue` `cq`
JOIN `campaigns` `c` ON `c`.`id` = `cq`.`campaign_id`
JOIN `templates` `t` ON `t`.`id` = `c`.`template_id`
WHERE `cq`.`is_sent` = '0'
AND  `cq`.`notification_date` <= "2024-08-14 18:10:43"
ORDER BY `cq`.`id` ASC
	Filename: models/Campaigns_model.php
	Line Number: 53


Database error: A Database Error Occurred

	Error Number: 2006
	MySQL server has gone away
	SELECT cq.*, c.user_id, t.name as template_name, t.temp_language
FROM `campaign_queue` `cq`
JOIN `campaigns` `c` ON `c`.`id` = `cq`.`campaign_id`
JOIN `templates` `t` ON `t`.`id` = `c`.`template_id`
WHERE `cq`.`is_sent` = '0'
AND  `cq`.`notification_date` <= "2024-08-14 18:10:44"
ORDER BY `cq`.`id` ASC
	Filename: models/Campaigns_model.php
	Line Number: 53

2024-08-16 15:32:30 - Queue Listener - Job detect
2024-08-16 15:32:30 - Queue Listener - Start dispatch
2024-08-16 15:32:30 - Queue Listener - Dispatch Worker #1 (PID: 296365)
2024-08-16 15:32:30 - Queue Worker - Create #1 (PID: 296365)
2024-08-16 15:32:41 - Queue Listener - Job empty
2024-08-16 15:32:41 - Queue Listener - Stop dispatch, total cost: 11.00s
2024-08-16 15:36:57 - Queue Listener - Job detect
2024-08-16 15:36:57 - Queue Listener - Start dispatch
2024-08-16 15:36:57 - Queue Listener - Dispatch Worker #1 (PID: 296613)
2024-08-16 15:36:57 - Queue Worker - Create #1 (PID: 296613)
2024-08-16 15:37:08 - Queue Listener - Job empty
2024-08-16 15:37:08 - Queue Listener - Stop dispatch, total cost: 11.00s
2024-08-16 16:38:29 - Queue Listener - Job detect
2024-08-16 16:38:29 - Queue Listener - Start dispatch
2024-08-16 16:38:29 - Queue Listener - Dispatch Worker #1 (PID: 300186)

A PHP Error was encountered

Severity:    Notice
Message:     Trying to access array offset on value of type null
Filename:    /www/wwwroot/automation.theteckhub.com/application/models/Campaigns_model.php
Line Number: 53

Backtrace:
	File: /www/wwwroot/automation.theteckhub.com/application/models/Campaigns_model.php
	Line: 53
	Function: _error_handler

	File: /www/wwwroot/automation.theteckhub.com/application/libraries/Mycampaignjob.php
	Line: 24
	Function: campaign_logs

	File: /www/wwwroot/automation.theteckhub.com/application/controllers/Runcampaignjob.php
	Line: 27
	Function: getJob

	File: /www/wwwroot/automation.theteckhub.com/application/vendor/yidas/codeigniter-queue-worker/src/Controller.php
	Line: 299
	Function: handleWork

	File: /www/wwwroot/automation.theteckhub.com/index.php
	Line: 315
	Function: require_once


2024-08-16 16:38:29 - Queue Worker - Close #1 (PID: 296613) | cost: 3691.93s
2024-08-16 16:38:29 - Queue Worker - Create #1 (PID: 300186)
2024-08-16 16:38:29 - Queue Worker - Close #1 (PID: 300186) | cost: 0.00s
2024-08-16 16:38:40 - Queue Listener - Job empty
2024-08-16 16:38:40 - Queue Listener - Stop dispatch, total cost: 11.00s
2024-08-16 17:03:40 - Queue Listener - Job detect
2024-08-16 17:03:40 - Queue Listener - Start dispatch
2024-08-16 17:03:40 - Queue Listener - Dispatch Worker #1 (PID: 301609)
2024-08-16 17:03:40 - Queue Worker - Create #1 (PID: 301609)
2024-08-16 17:03:40 - Queue Worker - Close #1 (PID: 301609) | cost: 0.38s
2024-08-16 17:03:51 - Queue Listener - Job empty
2024-08-16 17:03:51 - Queue Listener - Stop dispatch, total cost: 11.00s
2024-08-16 17:06:11 - Queue Listener - Job detect
2024-08-16 17:06:11 - Queue Listener - Start dispatch
2024-08-16 17:06:11 - Queue Listener - Dispatch Worker #1 (PID: 301786)
2024-08-16 17:06:11 - Queue Worker - Create #1 (PID: 301786)
2024-08-16 17:06:12 - Queue Worker - Close #1 (PID: 301786) | cost: 0.36s
2024-08-16 17:06:22 - Queue Listener - Job empty
2024-08-16 17:06:22 - Queue Listener - Stop dispatch, total cost: 11.00s
2024-08-16 17:27:29 - Queue Listener - Job detect
2024-08-16 17:27:29 - Queue Listener - Start dispatch
2024-08-16 17:27:29 - Queue Listener - Dispatch Worker #1 (PID: 302973)
2024-08-16 17:27:29 - Queue Worker - Create #1 (PID: 302973)
2024-08-16 17:27:29 - Queue Worker - Close #1 (PID: 302973) | cost: 0.34s
2024-08-16 17:27:40 - Queue Listener - Job empty
2024-08-16 17:27:40 - Queue Listener - Stop dispatch, total cost: 11.00s
2024-08-16 17:49:17 - Queue Listener - Job detect
2024-08-16 17:49:17 - Queue Listener - Start dispatch
2024-08-16 17:49:17 - Queue Listener - Dispatch Worker #1 (PID: 304240)
2024-08-16 17:49:17 - Queue Worker - Create #1 (PID: 304240)
2024-08-16 17:49:17 - Queue Worker - Close #1 (PID: 304240) | cost: 0.33s
2024-08-16 17:49:28 - Queue Listener - Job empty
2024-08-16 17:49:28 - Queue Listener - Stop dispatch, total cost: 11.00s
2024-08-16 17:55:36 - Queue Listener - Job detect
2024-08-16 17:55:36 - Queue Listener - Start dispatch
2024-08-16 17:55:36 - Queue Listener - Dispatch Worker #1 (PID: 304576)
2024-08-16 17:55:36 - Queue Worker - Create #1 (PID: 304576)
2024-08-16 17:55:36 - Queue Worker - Close #1 (PID: 304576) | cost: 0.40s
2024-08-16 17:55:47 - Queue Listener - Job empty
2024-08-16 17:55:47 - Queue Listener - Stop dispatch, total cost: 11.00s
2024-08-16 18:09:27 - Queue Listener - Job detect
2024-08-16 18:09:27 - Queue Listener - Start dispatch
2024-08-16 18:09:27 - Queue Listener - Dispatch Worker #1 (PID: 305354)
2024-08-16 18:09:27 - Queue Worker - Create #1 (PID: 305354)
2024-08-16 18:09:28 - Queue Worker - Close #1 (PID: 305354) | cost: 0.36s
2024-08-16 18:09:38 - Queue Listener - Job empty
2024-08-16 18:09:38 - Queue Listener - Stop dispatch, total cost: 11.00s
2024-08-16 18:25:47 - Queue Listener - Job detect
2024-08-16 18:25:47 - Queue Listener - Start dispatch
2024-08-16 18:25:47 - Queue Listener - Dispatch Worker #1 (PID: 306294)
2024-08-16 18:25:47 - Queue Worker - Create #1 (PID: 306294)
handle work <br/>SELECT cq.*, c.user_id, t.name as template_name, t.temp_language
FROM `campaign_queue` `cq`
JOIN `campaigns` `c` ON `c`.`id` = `cq`.`campaign_id`
JOIN `templates` `t` ON `t`.`id` = `c`.`template_id`
WHERE `cq`.`is_sent` = '0'
AND `cq`.`is_deleted` = '0'
AND  `cq`.`notification_date` <= "2024-08-16 18:25:47"
ORDER BY `cq`.`id` ASC<br/>in process block  <br/>processing  <br/>send msg <br/>2024-08-16 18:25:47 - Queue Worker - Close #1 (PID: 306294) | cost: 0.01s
2024-08-16 18:25:58 - Queue Listener - Job empty
2024-08-16 18:25:58 - Queue Listener - Stop dispatch, total cost: 11.00s
2024-08-16 19:28:12 - Queue Listener - Job detect
2024-08-16 19:28:12 - Queue Listener - Start dispatch
2024-08-16 19:28:12 - Queue Listener - Dispatch Worker #1 (PID: 309848)
2024-08-16 19:28:12 - Queue Worker - Create #1 (PID: 309848)
in process block  \nprocessing  \nsend msg <br/>2024-08-16 19:28:12 - Queue Worker - Close #1 (PID: 309848) | cost: 0.00s
2024-08-16 19:28:23 - Queue Listener - Job empty
2024-08-16 19:28:23 - Queue Listener - Stop dispatch, total cost: 11.00s

Database error: A Database Error Occurred

	Error Number: 1146
	Table 'wishes_official.campaign_queue' doesn't exist
	SELECT cq.*, c.user_id, t.name as template_name, t.temp_language
FROM `campaign_queue` `cq`
JOIN `campaigns` `c` ON `c`.`id` = `cq`.`campaign_id`
JOIN `templates` `t` ON `t`.`id` = `c`.`template_id`
WHERE `cq`.`is_sent` = '0'
AND  `cq`.`notification_date` <= "2024-08-16 19:55:55"
ORDER BY `cq`.`id` ASC
	Filename: models/Campaigns_model.php
	Line Number: 57

